splitting the dataframe
cleaning and imputation and feature generateion begin here
using 7599 features to run the model
feature_list: 
DT
LR
RF
AB
GB
splitting the dataframe
splitting the dataframe
make dummies from small number of values
make top k dummies
splitting the dataframe
make dummies from small number of values
make top k dummies
splitting the dataframe
make dummies from small number of values
make top k dummies
splitting the dataframe
make dummies from small number of values
make top k dummies
splitting the dataframe
splitting the dataframe
splitting the dataframe
make dummies from small number of values
make top k dummies
2019-05-29 18:21:18,794 - mainloop - INFO - splitting the dataframe
2019-05-29 18:21:18,886 - mainloop - INFO - make dummies from small number of values
2019-05-29 18:21:18,973 - mainloop - INFO - make top k dummies
2019-05-29 18:21:31,310 - mainloop - INFO - make dummies from small number of values
2019-05-29 18:21:31,362 - mainloop - INFO - make top k dummies
2019-05-29 18:21:37,951 - mainloop - INFO - cleaning and imputation and feature generateion begin here
2019-05-29 18:21:37,980 - mainloop - INFO - using 174 features to run the model
2019-05-29 18:21:37,980 - mainloop - INFO - feature_list: secondary_focus_subject_Nutrition  primary_focus_area_nan  school_state_MI  school_state_IL  school_state_IA  school_state_NH  resource_type_nan  primary_focus_subject_Sports  secondary_focus_area_Applied Learning  school_state_SD  secondary_focus_subject_Applied Sciences  school_state_NE  school_state_NY  primary_focus_subject_Early Development  secondary_focus_area_Special Needs  secondary_focus_subject_Extracurricular  school_state_VT  school_state_ND  grade_level_Grades 3-5  secondary_focus_subject_Literacy  school_state_OH  school_state_AL  primary_focus_subject_Social Sciences  school_city_Chicago  school_state_UT  secondary_focus_subject_History & Geography  secondary_focus_subject_Special Needs  school_district_other  school_state_NV  primary_focus_subject_Health & Life Science  school_state_nan  teacher_prefix_Mrs.  secondary_focus_subject_Other  resource_type_Visitors  school_state_CO  school_magnet  school_city_other  secondary_focus_area_nan  secondary_focus_area_History & Civics  primary_focus_subject_Community Service  secondary_focus_subject_College & Career Prep  secondary_focus_subject_Sports  resource_type_Books  school_state_OR  school_state_MA  secondary_focus_area_Math & Science  school_state_TX  school_state_CA  secondary_focus_subject_Early Development  school_district_Philadelphia City School Dist  school_state_GA  secondary_focus_subject_Environmental Science  school_state_AR  school_state_HI  school_state_CT  school_state_MO  primary_focus_subject_Nutrition  secondary_focus_subject_Mathematics  school_city_Houston  school_state_KY  poverty_level_highest poverty  school_state_MD  primary_focus_subject_Literature & Writing  primary_focus_subject_Gym & Fitness  school_state_SC  school_state_NM  school_state_DC  primary_focus_area_History & Civics  school_metro_rural  school_state_MT  secondary_focus_subject_Character Education  primary_focus_subject_History & Geography  school_state_PA  primary_focus_subject_Music  school_state_TN  primary_focus_subject_Environmental Science  primary_focus_area_Music & The Arts  secondary_focus_area_Literacy & Language  school_state_AZ  secondary_focus_subject_Social Sciences  primary_focus_subject_Character Education  students_reached_norm  grade_level_Grades 9-12  primary_focus_subject_Foreign Languages  school_state_AK  resource_type_Other  primary_focus_subject_Health & Wellness  primary_focus_area_Special Needs  school_state_NJ  school_district_nan  school_state_ID  school_metro_nan  school_state_ME  secondary_focus_subject_ESL  poverty_level_low poverty  school_district_New York City Dept Of Ed  students_reached  primary_focus_subject_Applied Sciences  school_state_WA  primary_focus_subject_ESL  teacher_prefix_Mr.  secondary_focus_subject_Performing Arts  poverty_level_moderate poverty  grade_level_Grades PreK-2  secondary_focus_subject_Community Service  primary_focus_area_Applied Learning  school_state_NC  school_charter  resource_type_Technology  school_county_Orange  poverty_level_nan  school_state_MS  primary_focus_area_Health & Sports  secondary_focus_subject_Music  total_price_norm  school_state_WY  primary_focus_subject_Extracurricular  secondary_focus_area_Music & The Arts  school_county_Los Angeles  secondary_focus_area_Health & Sports  school_state_WI  school_county_nan  school_metro_suburban  primary_focus_subject_Other  school_city_nan  secondary_focus_subject_Literature & Writing  teacher_prefix_Ms.  secondary_focus_subject_Visual Arts  secondary_focus_subject_nan  grade_level_Grades 6-8  primary_focus_subject_Economics  school_state_KS  teacher_prefix_nan  primary_focus_subject_nan  primary_focus_subject_Mathematics  school_state_FL  secondary_focus_subject_Gym & Fitness  school_state_OK  school_state_VA  secondary_focus_subject_Parent Involvement  school_state_IN  total_price_including_optional_support  primary_focus_area_Literacy & Language  primary_focus_subject_Special Needs  resource_type_Trips  eligible_double_your_impact_match  primary_focus_subject_College & Career Prep  school_county_other  primary_focus_area_Math & Science  school_city_Los Angeles  secondary_focus_subject_Civics & Government  school_district_Los Angeles Unif Sch Dist  secondary_focus_subject_Economics  secondary_focus_subject_Health & Life Science  school_county_Cook  school_state_LA  school_state_RI  school_state_DE  secondary_focus_subject_Health & Wellness  grade_level_nan  school_district_unknown  school_county_Harris  primary_focus_subject_Literacy  school_metro_urban  primary_focus_subject_Visual Arts  poverty_level_high poverty  primary_focus_subject_Civics & Government  resource_type_Supplies  primary_focus_subject_Performing Arts  primary_focus_subject_Parent Involvement  school_state_MN  school_city_Brooklyn  secondary_focus_subject_Foreign Languages  school_state_WV 
2019-05-29 18:21:38,131 - mainloop - INFO - DT
2019-05-29 18:21:40,634 - mainloop - INFO - LR
2019-05-29 18:21:52,250 - mainloop - INFO - RF
2019-05-29 18:22:04,457 - mainloop - INFO - AB
2019-05-29 18:22:17,960 - mainloop - INFO - ET
2019-05-29 18:22:29,771 - mainloop - INFO - BG
2019-05-29 18:24:20,018 - mainloop - INFO - splitting the dataframe
2019-05-29 18:24:20,128 - mainloop - INFO - make dummies from small number of values
2019-05-29 18:24:20,215 - mainloop - INFO - make top k dummies
2019-05-29 18:24:32,577 - mainloop - INFO - make dummies from small number of values
2019-05-29 18:24:32,629 - mainloop - INFO - make top k dummies
2019-05-29 18:24:39,262 - mainloop - INFO - cleaning and imputation and feature generateion begin here
2019-05-29 18:24:39,302 - mainloop - INFO - using 174 features to run the model
2019-05-29 18:24:39,302 - mainloop - INFO - feature_list: teacher_prefix_nan  school_state_AR  school_state_CT  secondary_focus_subject_Special Needs  school_state_VT  school_county_nan  secondary_focus_subject_Mathematics  secondary_focus_subject_Extracurricular  grade_level_nan  primary_focus_subject_Applied Sciences  school_county_Orange  eligible_double_your_impact_match  total_price_norm  school_state_ME  resource_type_Technology  secondary_focus_subject_Applied Sciences  primary_focus_area_Math & Science  school_state_AL  school_charter  school_state_NH  secondary_focus_subject_Character Education  school_state_WI  secondary_focus_subject_College & Career Prep  school_state_MD  school_metro_nan  grade_level_Grades 3-5  secondary_focus_subject_Nutrition  poverty_level_low poverty  primary_focus_area_nan  school_state_MN  school_state_IL  secondary_focus_subject_Community Service  teacher_prefix_Ms.  secondary_focus_subject_Health & Wellness  primary_focus_subject_Gym & Fitness  school_state_NJ  primary_focus_subject_Nutrition  school_district_unknown  school_city_other  resource_type_Trips  secondary_focus_area_Literacy & Language  school_state_GA  primary_focus_subject_Visual Arts  school_state_OR  school_state_CO  school_metro_suburban  students_reached  resource_type_Other  school_state_NE  primary_focus_subject_Health & Life Science  school_city_nan  school_county_Los Angeles  school_state_MI  primary_focus_subject_History & Geography  resource_type_Visitors  school_state_UT  school_state_DE  school_state_WA  school_metro_rural  primary_focus_subject_nan  secondary_focus_subject_Gym & Fitness  primary_focus_subject_College & Career Prep  school_magnet  school_state_OK  primary_focus_subject_ESL  primary_focus_area_Applied Learning  grade_level_Grades 6-8  school_state_SC  primary_focus_area_Health & Sports  school_state_RI  secondary_focus_subject_Social Sciences  school_state_NC  school_district_other  secondary_focus_subject_Early Development  secondary_focus_area_History & Civics  school_state_NY  primary_focus_subject_Parent Involvement  secondary_focus_subject_History & Geography  secondary_focus_area_Math & Science  total_price_including_optional_support  school_state_IN  school_state_FL  primary_focus_area_Music & The Arts  secondary_focus_subject_Parent Involvement  school_county_other  primary_focus_subject_Special Needs  school_district_New York City Dept Of Ed  school_state_CA  school_state_VA  school_city_Houston  school_state_AK  secondary_focus_area_Music & The Arts  grade_level_Grades 9-12  resource_type_Books  poverty_level_moderate poverty  primary_focus_area_History & Civics  school_state_nan  poverty_level_high poverty  school_state_TN  school_city_Brooklyn  primary_focus_area_Literacy & Language  teacher_prefix_Mrs.  secondary_focus_area_nan  school_city_Los Angeles  secondary_focus_subject_Performing Arts  poverty_level_nan  school_state_MT  secondary_focus_area_Health & Sports  school_state_KY  primary_focus_subject_Community Service  primary_focus_subject_Civics & Government  primary_focus_subject_Sports  school_state_MO  primary_focus_subject_Extracurricular  school_state_MS  primary_focus_subject_Social Sciences  teacher_prefix_Mr.  secondary_focus_area_Applied Learning  primary_focus_area_Special Needs  secondary_focus_subject_Music  grade_level_Grades PreK-2  school_district_Los Angeles Unif Sch Dist  school_state_HI  school_state_MA  school_state_ND  secondary_focus_subject_Foreign Languages  secondary_focus_subject_nan  school_state_IA  primary_focus_subject_Mathematics  school_state_TX  school_metro_urban  resource_type_Supplies  primary_focus_subject_Character Education  school_state_WV  primary_focus_subject_Economics  school_state_WY  primary_focus_subject_Literature & Writing  primary_focus_subject_Early Development  secondary_focus_subject_Visual Arts  school_county_Cook  secondary_focus_subject_Environmental Science  school_state_KS  primary_focus_subject_Literacy  school_state_NM  primary_focus_subject_Performing Arts  school_city_Chicago  school_state_ID  primary_focus_subject_Foreign Languages  school_district_Philadelphia City School Dist  school_state_NV  resource_type_nan  secondary_focus_subject_Other  secondary_focus_area_Special Needs  school_state_SD  primary_focus_subject_Health & Wellness  primary_focus_subject_Music  primary_focus_subject_Other  poverty_level_highest poverty  school_county_Harris  students_reached_norm  school_state_OH  school_state_PA  school_state_LA  primary_focus_subject_Environmental Science  school_state_DC  secondary_focus_subject_Literature & Writing  school_state_AZ  secondary_focus_subject_ESL  secondary_focus_subject_Literacy  school_district_nan  secondary_focus_subject_Civics & Government  secondary_focus_subject_Sports  secondary_focus_subject_Health & Life Science  secondary_focus_subject_Economics 
2019-05-29 18:24:39,449 - mainloop - INFO - DT
2019-05-29 18:24:41,788 - mainloop - INFO - LR
2019-05-29 18:24:53,006 - mainloop - INFO - RF
2019-05-29 18:25:05,170 - mainloop - INFO - AB
2019-05-29 18:25:18,478 - mainloop - INFO - ET
2019-05-29 18:25:30,567 - mainloop - INFO - BG
2019-05-29 18:25:31,940 - mainloop - INFO - fininshed all models in 1 split
2019-05-29 18:25:31,991 - mainloop - INFO - splitting the dataframe
2019-05-29 18:25:32,033 - mainloop - INFO - make dummies from small number of values
2019-05-29 18:25:32,092 - mainloop - INFO - make top k dummies
2019-05-29 18:25:39,280 - mainloop - INFO - make dummies from small number of values
2019-05-29 18:25:39,310 - mainloop - INFO - make top k dummies
2019-05-29 18:25:41,934 - mainloop - INFO - cleaning and imputation and feature generateion begin here
2019-05-29 18:25:41,947 - mainloop - INFO - using 174 features to run the model
2019-05-29 18:25:41,947 - mainloop - INFO - feature_list: teacher_prefix_nan  school_state_AR  school_state_CT  secondary_focus_subject_Special Needs  school_state_VT  school_county_nan  secondary_focus_subject_Mathematics  secondary_focus_subject_Extracurricular  grade_level_nan  primary_focus_subject_Applied Sciences  school_county_Orange  eligible_double_your_impact_match  total_price_norm  school_state_ME  resource_type_Technology  secondary_focus_subject_Applied Sciences  primary_focus_area_Math & Science  school_state_AL  school_charter  school_state_NH  secondary_focus_subject_Character Education  school_state_WI  secondary_focus_subject_College & Career Prep  school_state_MD  school_metro_nan  grade_level_Grades 3-5  secondary_focus_subject_Nutrition  poverty_level_low poverty  primary_focus_area_nan  school_state_MN  school_state_IL  secondary_focus_subject_Community Service  teacher_prefix_Ms.  secondary_focus_subject_Health & Wellness  primary_focus_subject_Gym & Fitness  school_state_NJ  primary_focus_subject_Nutrition  school_district_unknown  school_city_other  resource_type_Trips  secondary_focus_area_Literacy & Language  school_state_GA  primary_focus_subject_Visual Arts  school_state_OR  school_state_CO  school_metro_suburban  students_reached  resource_type_Other  school_state_NE  primary_focus_subject_Health & Life Science  school_city_nan  school_county_Los Angeles  school_state_MI  primary_focus_subject_History & Geography  resource_type_Visitors  school_state_UT  school_state_DE  school_state_WA  school_metro_rural  primary_focus_subject_nan  secondary_focus_subject_Gym & Fitness  primary_focus_subject_College & Career Prep  school_magnet  school_state_OK  primary_focus_subject_ESL  primary_focus_area_Applied Learning  grade_level_Grades 6-8  school_state_SC  primary_focus_area_Health & Sports  school_state_RI  secondary_focus_subject_Social Sciences  school_state_NC  school_district_other  secondary_focus_subject_Early Development  secondary_focus_area_History & Civics  school_state_NY  primary_focus_subject_Parent Involvement  secondary_focus_subject_History & Geography  secondary_focus_area_Math & Science  total_price_including_optional_support  school_district_Charlotte-mecklenburg Sch Dist  school_state_IN  school_state_FL  primary_focus_area_Music & The Arts  secondary_focus_subject_Parent Involvement  school_county_other  primary_focus_subject_Special Needs  school_district_New York City Dept Of Ed  school_state_CA  school_state_VA  school_state_AK  secondary_focus_area_Music & The Arts  grade_level_Grades 9-12  resource_type_Books  poverty_level_moderate poverty  primary_focus_area_History & Civics  school_state_nan  poverty_level_high poverty  school_state_TN  school_city_Brooklyn  primary_focus_area_Literacy & Language  teacher_prefix_Mrs.  secondary_focus_area_nan  school_city_Los Angeles  secondary_focus_subject_Performing Arts  poverty_level_nan  school_state_MT  secondary_focus_area_Health & Sports  school_state_KY  primary_focus_subject_Community Service  primary_focus_subject_Civics & Government  primary_focus_subject_Sports  school_state_MO  primary_focus_subject_Extracurricular  school_state_MS  primary_focus_subject_Social Sciences  teacher_prefix_Mr.  secondary_focus_area_Applied Learning  primary_focus_area_Special Needs  secondary_focus_subject_Music  grade_level_Grades PreK-2  school_district_Los Angeles Unif Sch Dist  school_state_HI  school_state_MA  school_state_ND  secondary_focus_subject_Foreign Languages  secondary_focus_subject_nan  school_state_IA  primary_focus_subject_Mathematics  school_state_TX  school_metro_urban  resource_type_Supplies  primary_focus_subject_Character Education  school_state_WV  primary_focus_subject_Economics  school_state_WY  primary_focus_subject_Literature & Writing  primary_focus_subject_Early Development  secondary_focus_subject_Visual Arts  school_county_Cook  secondary_focus_subject_Environmental Science  school_state_KS  primary_focus_subject_Literacy  school_state_NM  primary_focus_subject_Performing Arts  school_city_Chicago  school_state_ID  primary_focus_subject_Foreign Languages  school_district_Philadelphia City School Dist  school_state_NV  resource_type_nan  secondary_focus_subject_Other  secondary_focus_area_Special Needs  school_state_SD  primary_focus_subject_Health & Wellness  primary_focus_subject_Music  school_city_Bronx  primary_focus_subject_Other  poverty_level_highest poverty  students_reached_norm  school_state_OH  school_state_PA  school_state_LA  primary_focus_subject_Environmental Science  school_state_DC  secondary_focus_subject_Literature & Writing  school_state_AZ  secondary_focus_subject_ESL  secondary_focus_subject_Literacy  school_district_nan  secondary_focus_subject_Civics & Government  secondary_focus_subject_Sports  secondary_focus_subject_Health & Life Science  secondary_focus_subject_Economics 
2019-05-29 18:25:42,017 - mainloop - INFO - DT
2019-05-29 18:25:43,347 - mainloop - INFO - LR
2019-05-29 18:25:46,848 - mainloop - INFO - RF
2019-05-29 18:25:50,817 - mainloop - INFO - AB
2019-05-29 18:25:59,505 - mainloop - INFO - ET
2019-05-29 18:26:03,250 - mainloop - INFO - BG
2019-05-29 18:26:04,038 - mainloop - INFO - fininshed all models in 2 split
2019-05-29 18:26:04,068 - mainloop - INFO - splitting the dataframe
2019-05-29 18:26:04,112 - mainloop - INFO - make dummies from small number of values
2019-05-29 18:26:04,144 - mainloop - INFO - make top k dummies
2019-05-29 18:26:06,381 - mainloop - INFO - make dummies from small number of values
2019-05-29 18:26:06,421 - mainloop - INFO - make top k dummies
2019-05-29 18:26:10,699 - mainloop - INFO - cleaning and imputation and feature generateion begin here
2019-05-29 18:26:10,710 - mainloop - INFO - using 174 features to run the model
2019-05-29 18:26:10,710 - mainloop - INFO - feature_list: teacher_prefix_nan  school_state_AR  school_state_CT  secondary_focus_subject_Special Needs  school_state_VT  school_county_nan  secondary_focus_subject_Mathematics  secondary_focus_subject_Extracurricular  grade_level_nan  primary_focus_subject_Applied Sciences  school_county_Orange  eligible_double_your_impact_match  total_price_norm  school_state_ME  resource_type_Technology  secondary_focus_subject_Applied Sciences  primary_focus_area_Math & Science  school_state_AL  school_charter  school_state_NH  secondary_focus_subject_Character Education  school_state_WI  secondary_focus_subject_College & Career Prep  school_state_MD  school_metro_nan  grade_level_Grades 3-5  secondary_focus_subject_Nutrition  poverty_level_low poverty  primary_focus_area_nan  school_state_MN  school_state_IL  secondary_focus_subject_Community Service  teacher_prefix_Ms.  secondary_focus_subject_Health & Wellness  primary_focus_subject_Gym & Fitness  school_state_NJ  primary_focus_subject_Nutrition  school_district_unknown  school_city_other  resource_type_Trips  secondary_focus_area_Literacy & Language  school_state_GA  primary_focus_subject_Visual Arts  school_state_OR  school_state_CO  school_metro_suburban  students_reached  resource_type_Other  school_state_NE  primary_focus_subject_Health & Life Science  school_city_nan  school_county_Los Angeles  school_state_MI  primary_focus_subject_History & Geography  resource_type_Visitors  school_state_UT  school_state_DE  school_state_WA  school_metro_rural  primary_focus_subject_nan  secondary_focus_subject_Gym & Fitness  primary_focus_subject_College & Career Prep  school_magnet  school_state_OK  primary_focus_subject_ESL  primary_focus_area_Applied Learning  grade_level_Grades 6-8  school_state_SC  primary_focus_area_Health & Sports  school_state_RI  secondary_focus_subject_Social Sciences  school_state_NC  school_district_other  secondary_focus_subject_Early Development  secondary_focus_area_History & Civics  school_state_NY  primary_focus_subject_Parent Involvement  secondary_focus_subject_History & Geography  secondary_focus_area_Math & Science  total_price_including_optional_support  school_district_Charlotte-mecklenburg Sch Dist  school_state_IN  school_state_FL  primary_focus_area_Music & The Arts  secondary_focus_subject_Parent Involvement  school_county_other  primary_focus_subject_Special Needs  school_district_New York City Dept Of Ed  school_state_CA  school_state_VA  school_state_AK  secondary_focus_area_Music & The Arts  grade_level_Grades 9-12  resource_type_Books  poverty_level_moderate poverty  primary_focus_area_History & Civics  school_state_nan  poverty_level_high poverty  school_state_TN  school_city_Brooklyn  primary_focus_area_Literacy & Language  teacher_prefix_Mrs.  secondary_focus_area_nan  school_city_Los Angeles  secondary_focus_subject_Performing Arts  poverty_level_nan  school_state_MT  secondary_focus_area_Health & Sports  school_state_KY  primary_focus_subject_Community Service  primary_focus_subject_Civics & Government  primary_focus_subject_Sports  school_state_MO  primary_focus_subject_Extracurricular  school_state_MS  primary_focus_subject_Social Sciences  teacher_prefix_Mr.  secondary_focus_area_Applied Learning  primary_focus_area_Special Needs  secondary_focus_subject_Music  grade_level_Grades PreK-2  school_district_Los Angeles Unif Sch Dist  school_state_HI  school_state_MA  school_state_ND  secondary_focus_subject_Foreign Languages  secondary_focus_subject_nan  school_state_IA  primary_focus_subject_Mathematics  school_state_TX  school_metro_urban  resource_type_Supplies  primary_focus_subject_Character Education  school_state_WV  primary_focus_subject_Economics  school_state_WY  primary_focus_subject_Literature & Writing  primary_focus_subject_Early Development  secondary_focus_subject_Visual Arts  school_county_Cook  secondary_focus_subject_Environmental Science  school_state_KS  primary_focus_subject_Literacy  school_state_NM  primary_focus_subject_Performing Arts  school_city_Chicago  school_state_ID  primary_focus_subject_Foreign Languages  school_district_Philadelphia City School Dist  school_state_NV  resource_type_nan  secondary_focus_subject_Other  secondary_focus_area_Special Needs  school_state_SD  primary_focus_subject_Health & Wellness  primary_focus_subject_Music  school_city_Bronx  primary_focus_subject_Other  poverty_level_highest poverty  students_reached_norm  school_state_OH  school_state_PA  school_state_LA  primary_focus_subject_Environmental Science  school_state_DC  secondary_focus_subject_Literature & Writing  school_state_AZ  secondary_focus_subject_ESL  secondary_focus_subject_Literacy  school_district_nan  secondary_focus_subject_Civics & Government  secondary_focus_subject_Sports  secondary_focus_subject_Health & Life Science  secondary_focus_subject_Economics 
2019-05-29 18:26:10,784 - mainloop - INFO - DT
2019-05-29 18:26:11,857 - mainloop - INFO - LR
2019-05-29 18:26:17,991 - mainloop - INFO - RF
2019-05-29 18:26:25,145 - mainloop - INFO - AB
2019-05-29 18:26:29,403 - mainloop - INFO - ET
2019-05-29 18:26:36,259 - mainloop - INFO - BG
2019-05-29 18:26:37,192 - mainloop - INFO - fininshed all models in 3 split
2019-05-29 18:27:38,795 - mainloop - INFO - splitting the dataframe
2019-05-29 18:27:38,905 - mainloop - INFO - make dummies from small number of values
2019-05-29 18:27:38,992 - mainloop - INFO - make top k dummies
2019-05-29 18:27:51,234 - mainloop - INFO - make dummies from small number of values
2019-05-29 18:27:51,286 - mainloop - INFO - make top k dummies
2019-05-29 18:27:57,822 - mainloop - INFO - cleaning and imputation and feature generateion begin here
2019-05-29 18:27:57,853 - mainloop - INFO - using 174 features to run the model
2019-05-29 18:27:57,853 - mainloop - INFO - feature_list: school_state_NJ  primary_focus_subject_Gym & Fitness  school_state_GA  school_state_IL  grade_level_Grades PreK-2  teacher_prefix_Mr.  primary_focus_area_Health & Sports  school_state_IN  secondary_focus_subject_Economics  school_state_MO  school_state_KY  primary_focus_area_Applied Learning  school_state_AL  primary_focus_subject_Parent Involvement  school_city_Houston  school_state_MT  secondary_focus_subject_Mathematics  school_state_CT  school_county_nan  school_state_DE  school_state_OK  poverty_level_low poverty  school_state_NE  school_county_Harris  school_state_MI  secondary_focus_subject_Visual Arts  school_state_KS  school_state_NV  school_district_Philadelphia City School Dist  school_county_Los Angeles  school_state_CO  school_state_FL  school_state_AK  school_state_NM  primary_focus_area_nan  primary_focus_subject_Sports  school_state_CA  secondary_focus_subject_History & Geography  resource_type_Visitors  students_reached  resource_type_Other  primary_focus_subject_Mathematics  secondary_focus_subject_Literacy  school_state_OR  school_state_RI  secondary_focus_subject_Performing Arts  school_state_NY  school_state_WA  school_state_VA  school_metro_rural  school_district_other  primary_focus_subject_ESL  school_metro_urban  school_state_DC  school_state_VT  school_state_LA  primary_focus_subject_Civics & Government  primary_focus_subject_History & Geography  secondary_focus_area_Health & Sports  school_state_WY  secondary_focus_area_Literacy & Language  secondary_focus_subject_Music  secondary_focus_subject_ESL  secondary_focus_area_Math & Science  primary_focus_subject_Community Service  primary_focus_area_Music & The Arts  primary_focus_subject_Character Education  primary_focus_subject_Nutrition  school_state_MA  primary_focus_subject_Performing Arts  school_state_PA  secondary_focus_subject_Civics & Government  school_state_SC  secondary_focus_area_Applied Learning  secondary_focus_area_nan  resource_type_Supplies  school_city_Los Angeles  school_state_WV  school_state_MS  school_state_ND  primary_focus_area_Math & Science  school_metro_nan  secondary_focus_subject_Health & Wellness  teacher_prefix_nan  secondary_focus_subject_Social Sciences  school_state_AR  school_county_Orange  primary_focus_subject_nan  primary_focus_subject_Economics  school_county_other  grade_level_Grades 9-12  school_state_IA  primary_focus_area_Special Needs  secondary_focus_subject_Other  secondary_focus_subject_Health & Life Science  primary_focus_subject_Music  secondary_focus_subject_Sports  school_state_nan  grade_level_Grades 3-5  secondary_focus_subject_Special Needs  school_state_WI  school_charter  school_state_MN  resource_type_nan  school_metro_suburban  teacher_prefix_Ms.  school_state_ME  eligible_double_your_impact_match  resource_type_Books  secondary_focus_subject_Literature & Writing  school_state_NC  secondary_focus_subject_Extracurricular  primary_focus_subject_Literacy  school_city_other  school_state_UT  students_reached_norm  primary_focus_subject_Health & Life Science  primary_focus_subject_Extracurricular  school_state_OH  primary_focus_subject_Early Development  primary_focus_subject_Environmental Science  primary_focus_subject_Applied Sciences  secondary_focus_subject_Early Development  secondary_focus_area_Music & The Arts  secondary_focus_subject_Character Education  secondary_focus_subject_Nutrition  school_district_Los Angeles Unif Sch Dist  secondary_focus_subject_Environmental Science  school_district_nan  primary_focus_area_Literacy & Language  school_district_New York City Dept Of Ed  school_state_MD  secondary_focus_area_History & Civics  school_state_TN  school_magnet  school_district_unknown  resource_type_Trips  secondary_focus_subject_College & Career Prep  grade_level_Grades 6-8  teacher_prefix_Mrs.  secondary_focus_subject_nan  poverty_level_high poverty  primary_focus_subject_Social Sciences  total_price_norm  secondary_focus_subject_Gym & Fitness  grade_level_nan  primary_focus_area_History & Civics  primary_focus_subject_Other  primary_focus_subject_Health & Wellness  school_state_AZ  poverty_level_moderate poverty  school_state_HI  secondary_focus_subject_Applied Sciences  school_state_NH  school_city_nan  school_city_Brooklyn  primary_focus_subject_Visual Arts  secondary_focus_area_Special Needs  school_state_TX  primary_focus_subject_Foreign Languages  secondary_focus_subject_Parent Involvement  resource_type_Technology  secondary_focus_subject_Foreign Languages  secondary_focus_subject_Community Service  primary_focus_subject_Literature & Writing  total_price_including_optional_support  school_state_SD  school_state_ID  primary_focus_subject_College & Career Prep  poverty_level_nan  primary_focus_subject_Special Needs  school_county_Cook  poverty_level_highest poverty  school_city_Chicago 
2019-05-29 18:27:57,995 - mainloop - INFO - DT
2019-05-29 18:29:30,129 - mainloop - INFO - LR
2019-05-29 18:31:34,729 - mainloop - INFO - RF
2019-05-29 18:33:44,739 - mainloop - INFO - AB
2019-05-29 18:52:22,908 - mainloop - INFO - splitting the dataframe
2019-05-29 18:52:22,972 - mainloop - INFO - make dummies from small number of values
2019-05-29 18:52:23,065 - mainloop - INFO - make top k dummies
2019-05-29 18:52:35,372 - mainloop - INFO - make dummies from small number of values
2019-05-29 18:52:35,431 - mainloop - INFO - make top k dummies
2019-05-29 18:52:42,026 - mainloop - INFO - cleaning and imputation and feature generateion begin here
2019-05-29 18:52:42,054 - mainloop - INFO - using 174 features to run the model
2019-05-29 18:52:42,196 - mainloop - INFO - DT
2019-05-29 18:52:44,897 - mainloop - INFO - LR
2019-05-29 18:52:56,426 - mainloop - INFO - RF
2019-05-29 18:53:08,717 - mainloop - INFO - AB
2019-05-29 18:53:21,933 - mainloop - INFO - ET
2019-05-29 18:53:33,736 - mainloop - INFO - BG
2019-05-29 18:53:35,123 - mainloop - INFO - GB
2019-05-29 18:59:46,833 - mainloop - INFO - fininshed all models in 1 split
2019-05-29 18:59:46,886 - mainloop - INFO - splitting the dataframe
2019-05-29 18:59:46,940 - mainloop - INFO - make dummies from small number of values
2019-05-29 18:59:47,002 - mainloop - INFO - make top k dummies
2019-05-29 18:59:54,121 - mainloop - INFO - make dummies from small number of values
2019-05-29 18:59:54,152 - mainloop - INFO - make top k dummies
2019-05-29 18:59:56,757 - mainloop - INFO - cleaning and imputation and feature generateion begin here
2019-05-29 18:59:56,770 - mainloop - INFO - using 174 features to run the model
2019-05-29 18:59:56,840 - mainloop - INFO - DT
2019-05-29 18:59:58,133 - mainloop - INFO - LR
2019-05-29 19:00:01,476 - mainloop - INFO - RF
2019-05-29 19:00:05,226 - mainloop - INFO - AB
2019-05-29 19:00:13,785 - mainloop - INFO - ET
2019-05-29 19:00:17,506 - mainloop - INFO - BG
2019-05-29 19:00:18,293 - mainloop - INFO - GB
2019-05-29 19:03:56,390 - mainloop - INFO - fininshed all models in 2 split
2019-05-29 19:03:56,436 - mainloop - INFO - splitting the dataframe
2019-05-29 19:03:56,472 - mainloop - INFO - make dummies from small number of values
2019-05-29 19:03:56,504 - mainloop - INFO - make top k dummies
2019-05-29 19:03:58,659 - mainloop - INFO - make dummies from small number of values
2019-05-29 19:03:58,699 - mainloop - INFO - make top k dummies
2019-05-29 19:04:02,872 - mainloop - INFO - cleaning and imputation and feature generateion begin here
2019-05-29 19:04:02,882 - mainloop - INFO - using 174 features to run the model
2019-05-29 19:04:02,956 - mainloop - INFO - DT
2019-05-29 19:04:04,017 - mainloop - INFO - LR
2019-05-29 19:04:10,130 - mainloop - INFO - RF
2019-05-29 19:04:17,147 - mainloop - INFO - AB
2019-05-29 19:04:21,363 - mainloop - INFO - ET
2019-05-29 19:04:28,305 - mainloop - INFO - BG
2019-05-29 19:04:29,246 - mainloop - INFO - GB
2019-05-29 19:05:43,588 - mainloop - INFO - fininshed all models in 3 split
